     1                                  section .data
     2 00000000 FF                      	val1 db 255
     3 00000001 0001                    	chart dw 256
     4 00000003 80FF                    	lue3 dw -128
     5 00000005 10                      	v5 db 10h
     6 00000006 25                      	b2 db 100101b
     7 00000007 17230C                  	beta db 23, 23h, 0ch
     8 0000000A 48656C6C6F0A            	sdk db "Hello", 10
     9 00000010 0180                    	min dw -32767
    10 00000012 78563412                	ar dd 12345678h
    11 00000016 08<rep 5h>              	valar times 5 db 8
    12                                  
    13 0000001B 507265737320456E74-     	ExitMsg db "Press Enter to Exit", 10
    13 00000024 657220746F20457869-
    13 0000002D 740A               
    14                                  	lenExit equ $-ExitMsg
    15                                  
    16                                  section .bss
    17 00000000 <res 14h>               	alu resw 10
    18 00000014 ??????????              	f1 resb 5
    19                                  
    20 00000019 <res Ah>                	InBuf resb 10
    21                                  	lenIn equ $-InBuf
    22                                  section .text
    23                                  	global _start
    24                                  _start:
    25                                  	; write
    26 00000000 B804000000              	mov eax, 4
    27 00000005 BB01000000              	mov ebx, 1
    28 0000000A B9[1B000000]            	mov ecx, ExitMsg
    29 0000000F BA14000000              	mov edx, lenExit
    30 00000014 CD80                    	int 80h
    31                                  	; read
    32 00000016 B803000000              	mov eax, 3
    33 0000001B BB00000000              	mov ebx, 0
    34 00000020 B9[19000000]            	mov ecx, InBuf
    35 00000025 BA0A000000              	mov edx, lenIn
    36 0000002A CD80                    	int 80h
    37                                  	; exit
    38 0000002C B801000000              	mov eax, 1
    39 00000031 31DB                    	xor ebx, ebx
    40 00000033 CD80                    	int 80h;
